<?xml version="1.0" encoding="UTF-8"?>
<!-- Generated by org.testng.reporters.JUnitReportReporter -->
<testsuite hostname="DESKTOP-PSQO15E" failures="0" tests="1" name="testCases.TC_002_Login" time="2.065" errors="0" timestamp="2024-11-26T19:34:57 IST" skipped="0">
  <testcase classname="testCases.TC_002_Login" name="login" time="2.065"/>
</testsuite> <!-- testCases.TC_002_Login -->
