<?xml version="1.0" encoding="UTF-8"?>
<!-- Generated by org.testng.reporters.JUnitReportReporter -->
<testsuite hostname="DESKTOP-PSQO15E" failures="0" tests="1" name="testCases.TC_001_AccountRegistration" time="3.895" errors="0" timestamp="2024-11-25T21:34:26 IST" skipped="0">
  <testcase classname="testCases.TC_001_AccountRegistration" name="register" time="3.895"/>
</testsuite> <!-- testCases.TC_001_AccountRegistration -->
