<?xml version="1.0" encoding="UTF-8"?>
<!-- Generated by org.testng.reporters.JUnitReportReporter -->
<testsuite hostname="DESKTOP-PSQO15E" failures="0" tests="1" name="testCases.TC_003_AddProductToCart" time="28.837" errors="0" timestamp="2024-12-11T20:15:57 IST" skipped="0">
  <testcase classname="testCases.TC_003_AddProductToCart" name="addAPurticularProductToCart" time="28.837"/>
</testsuite> <!-- testCases.TC_003_AddProductToCart -->
