<?xml version="1.0" encoding="UTF-8"?>
<!-- Generated by org.testng.reporters.JUnitReportReporter -->
<testsuite hostname="DESKTOP-PSQO15E" failures="0" tests="1" name="testCases.TC_002_Login" time="2.115" errors="0" timestamp="2024-12-08T15:10:33 IST" skipped="0">
  <testcase classname="testCases.TC_002_Login" name="login" time="2.115"/>
</testsuite> <!-- testCases.TC_002_Login -->
